2018-01-11 18:25:58 DEBUG DrawingController:33 - Optional[Canvas [p1=(0, 0), p2=(21, 5)]]
2018-01-11 18:25:58 DEBUG DrawingController:33 - Optional[Canvas [p1=(0, 0), p2=(21, 5)]]
2018-01-11 18:25:58 DEBUG DrawingController:33 - Optional[Line [p1=(1, 2), p2=(6, 2)]]
2018-01-11 18:25:58 DEBUG DrawingController:33 - Optional[Canvas [p1=(0, 0), p2=(21, 5)]]
2018-01-11 18:25:58 DEBUG DrawingController:33 - Optional[Line [p1=(1, 2), p2=(6, 2)]]
2018-01-11 18:25:58 DEBUG DrawingController:33 - Optional[Line [p1=(6, 3), p2=(6, 4)]]
2018-01-11 18:25:58 DEBUG DrawingController:33 - Optional[Canvas [p1=(0, 0), p2=(21, 5)]]
2018-01-11 18:25:58 DEBUG DrawingController:33 - Optional[Line [p1=(1, 2), p2=(6, 2)]]
2018-01-11 18:25:58 DEBUG DrawingController:33 - Optional[Line [p1=(6, 3), p2=(6, 4)]]
2018-01-11 18:25:58 DEBUG DrawingController:33 - Optional[Rectangle [p1=(14, 1), p2=(18, 3)]]
2018-01-11 18:25:58 DEBUG DrawingController:33 - Optional[Canvas [p1=(0, 0), p2=(21, 5)]]
2018-01-11 18:25:58 DEBUG DrawingController:33 - Optional[Line [p1=(1, 2), p2=(6, 2)]]
2018-01-11 18:25:58 DEBUG DrawingController:33 - Optional[Line [p1=(6, 3), p2=(6, 4)]]
2018-01-11 18:25:58 DEBUG DrawingController:33 - Optional[Rectangle [p1=(14, 1), p2=(18, 3)]]
2018-01-11 18:25:58 DEBUG DrawingController:33 - Optional[BucketFill [p1=(10, 3), c=o]]
2018-01-11 18:25:58 DEBUG DrawingController:33 - Optional[Canvas [p1=(0, 0), p2=(1, 1)]]
2018-01-11 18:25:58 DEBUG DrawingController:33 - Optional[Canvas [p1=(0, 0), p2=(2, 2)]]
2018-01-11 18:27:23 DEBUG DrawingController:33 - Optional[Canvas [p1=(0, 0), p2=(2, 3)]]
2018-01-11 18:28:02 DEBUG DrawingController:33 - Optional[Canvas [p1=(0, 0), p2=(21, 5)]]
2018-01-11 18:29:53 INFO  DrawingController:22 - ****************************************************
2018-01-11 18:30:18 DEBUG DrawingController:33 - Optional[Canvas [p1=(0, 0), p2=(21, 5)]]
2018-01-11 18:30:48 DEBUG DrawingController:33 - Optional.empty
2018-01-11 18:32:58 INFO  DrawingController:22 - ****************************************************
2018-01-11 18:34:07 INFO  DrawingController:22 - ****************************************************
2018-01-11 18:59:38 DEBUG DrawingController:46 - Invalid Command : 
2018-01-11 19:00:00 DEBUG DrawingController:46 - Invalid Command : 
2018-01-11 19:02:10 DEBUG DrawingController:46 - Invalid Command : 
2018-01-11 19:02:24 DEBUG DrawingController:35 - Got command : Canvas [p1=(0, 0), p2=(3, 5)]
2018-01-11 19:04:05 DEBUG DrawingController:35 - Got command : Canvas [p1=(0, 0), p2=(21, 5)]
2018-01-11 19:04:05 DEBUG DrawingController:35 - Got command : Canvas [p1=(0, 0), p2=(21, 5)]
2018-01-11 19:04:05 DEBUG DrawingController:35 - Got command : Line [p1=(1, 2), p2=(6, 2)]
2018-01-11 19:04:05 DEBUG DrawingController:35 - Got command : Canvas [p1=(0, 0), p2=(21, 5)]
2018-01-11 19:04:05 DEBUG DrawingController:35 - Got command : Line [p1=(1, 2), p2=(6, 2)]
2018-01-11 19:04:05 DEBUG DrawingController:35 - Got command : Line [p1=(6, 3), p2=(6, 4)]
2018-01-11 19:04:05 DEBUG DrawingController:35 - Got command : Canvas [p1=(0, 0), p2=(21, 5)]
2018-01-11 19:04:05 DEBUG DrawingController:35 - Got command : Line [p1=(1, 2), p2=(6, 2)]
2018-01-11 19:04:05 DEBUG DrawingController:35 - Got command : Line [p1=(6, 3), p2=(6, 4)]
2018-01-11 19:04:05 DEBUG DrawingController:35 - Got command : Rectangle [p1=(14, 1), p2=(18, 3)]
2018-01-11 19:04:05 DEBUG DrawingController:35 - Got command : Canvas [p1=(0, 0), p2=(21, 5)]
2018-01-11 19:04:05 DEBUG DrawingController:35 - Got command : Line [p1=(1, 2), p2=(6, 2)]
2018-01-11 19:04:05 DEBUG DrawingController:35 - Got command : Line [p1=(6, 3), p2=(6, 4)]
2018-01-11 19:04:05 DEBUG DrawingController:35 - Got command : Rectangle [p1=(14, 1), p2=(18, 3)]
2018-01-11 19:04:05 DEBUG DrawingController:35 - Got command : BucketFill [p1=(10, 3), c=o]
2018-01-11 19:04:05 DEBUG DrawingController:35 - Got command : Canvas [p1=(0, 0), p2=(1, 1)]
2018-01-11 19:04:05 DEBUG DrawingController:35 - Got command : Canvas [p1=(0, 0), p2=(2, 2)]
2018-01-11 19:04:13 DEBUG DrawingController:35 - Got command : Canvas [p1=(0, 0), p2=(21, 5)]
2018-01-11 19:04:13 DEBUG DrawingController:35 - Got command : Canvas [p1=(0, 0), p2=(21, 5)]
2018-01-11 19:04:13 DEBUG DrawingController:35 - Got command : Line [p1=(1, 2), p2=(6, 2)]
2018-01-11 19:04:13 DEBUG DrawingController:35 - Got command : Canvas [p1=(0, 0), p2=(21, 5)]
2018-01-11 19:04:13 DEBUG DrawingController:35 - Got command : Line [p1=(1, 2), p2=(6, 2)]
2018-01-11 19:04:13 DEBUG DrawingController:35 - Got command : Line [p1=(6, 3), p2=(6, 4)]
2018-01-11 19:04:13 DEBUG DrawingController:35 - Got command : Canvas [p1=(0, 0), p2=(21, 5)]
2018-01-11 19:04:13 DEBUG DrawingController:35 - Got command : Line [p1=(1, 2), p2=(6, 2)]
2018-01-11 19:04:13 DEBUG DrawingController:35 - Got command : Line [p1=(6, 3), p2=(6, 4)]
2018-01-11 19:04:13 DEBUG DrawingController:35 - Got command : Rectangle [p1=(14, 1), p2=(18, 3)]
2018-01-11 19:04:13 DEBUG DrawingController:35 - Got command : Canvas [p1=(0, 0), p2=(21, 5)]
2018-01-11 19:04:13 DEBUG DrawingController:35 - Got command : Line [p1=(1, 2), p2=(6, 2)]
2018-01-11 19:04:13 DEBUG DrawingController:35 - Got command : Line [p1=(6, 3), p2=(6, 4)]
2018-01-11 19:04:13 DEBUG DrawingController:35 - Got command : Rectangle [p1=(14, 1), p2=(18, 3)]
2018-01-11 19:04:13 DEBUG DrawingController:35 - Got command : BucketFill [p1=(10, 3), c=o]
2018-01-11 19:04:13 DEBUG DrawingController:35 - Got command : Canvas [p1=(0, 0), p2=(1, 1)]
2018-01-11 19:04:13 DEBUG DrawingController:35 - Got command : Canvas [p1=(0, 0), p2=(2, 2)]
2018-01-14 18:03:55 INFO  DrawingController:22 - ****************************************************
2018-01-14 18:04:00 DEBUG DrawingController:35 - Got command : Canvas [p1=(0, 0), p2=(101, 101)]
2018-01-14 18:04:25 DEBUG DrawingController:35 - Got command : Line [p1=(1, 100), p2=(100, 100)]
2018-01-14 18:04:37 DEBUG DrawingController:35 - Got command : BucketFill [p1=(1, 1), c=a]
